<?xml version="1.0" encoding="UTF-8"?>
<testsuite xmlns:xsi="http://www.w3.org/2001/XMLSchema-instance" xsi:noNamespaceSchemaLocation="https://maven.apache.org/surefire/maven-surefire-plugin/xsd/surefire-test-report.xsd" name="nuigalway.app.CourseProgrammeTest" time="0" tests="5" errors="0" skipped="0" failures="0">
  <properties>
[...]
</properties>
  <testcase name="shouldGetAndSetCourseStudents" classname="nuigalway.app.CourseProgrammeTest" time="0"/>
  <testcase name="shouldGetAndSetCourseEndDate" classname="nuigalway.app.CourseProgrammeTest" time="0"/>
  <testcase name="shouldGetAndSetCourseStartDate" classname="nuigalway.app.CourseProgrammeTest" time="0"/>
  <testcase name="shouldGetAndSetCourseModules" classname="nuigalway.app.CourseProgrammeTest" time="0"/>
  <testcase name="shouldGetAndSetCourseName" classname="nuigalway.app.CourseProgrammeTest" time="0"/>
</testsuite>